<?xml version="1.0" encoding="UTF-8"?>
<!-- Generated by org.testng.reporters.JUnitXMLReporter -->
<testsuite ignored="0" hostname="vignesh" failures="1" tests="1" name="Test" time="8.414" errors="0" timestamp="2025-07-22T22:35:51 IST">
  <testcase classname="BooksScrape.Test.ErrorValidation" name="PageTitleValidation" time="1.493">
    <failure type="java.lang.AssertionError" message="expected [All products Books to Scrape - Sandbox] but found [All products | Books to Scrape - Sandbox]">
      <![CDATA[java.lang.AssertionError: expected [All products Books to Scrape - Sandbox] but found [All products | Books to Scrape - Sandbox]
at BooksScrape.Test.ErrorValidation.PageTitleValidation(ErrorValidation.java:18)
at java.base/java.util.ArrayList.forEach(ArrayList.java:1596)
at java.base/java.util.concurrent.FutureTask.run(FutureTask.java:317)
at java.base/java.util.concurrent.ThreadPoolExecutor.runWorker(ThreadPoolExecutor.java:1144)
at java.base/java.util.concurrent.ThreadPoolExecutor$Worker.run(ThreadPoolExecutor.java:642)
at java.base/java.lang.Thread.run(Thread.java:1583)
... Removed 21 stack frames]]>
    </failure>
  </testcase> <!-- PageTitleValidation -->
</testsuite> <!-- Test -->
